  informatyka_2021_projekt.cpp
C:\Users\admin\OneDrive\Pulpit\infromatyka II\informatyka_2021_projekt\informatyka_2021_projekt\informatyka_2021_projekt\informatyka_2021_projekt.cpp(42,12): warning C4244: "=": konwersja z "int" do "float", możliwa utrata danych
C:\Users\admin\OneDrive\Pulpit\infromatyka II\informatyka_2021_projekt\informatyka_2021_projekt\informatyka_2021_projekt\informatyka_2021_projekt.cpp(77,28): warning C4244: "argument": konwersja z "int" do "float", możliwa utrata danych
C:\Users\admin\OneDrive\Pulpit\infromatyka II\informatyka_2021_projekt\informatyka_2021_projekt\informatyka_2021_projekt\informatyka_2021_projekt.cpp(115,12): warning C4244: "=": konwersja z "int" do "float", możliwa utrata danych
C:\Users\admin\OneDrive\Pulpit\infromatyka II\informatyka_2021_projekt\informatyka_2021_projekt\informatyka_2021_projekt\informatyka_2021_projekt.cpp(116,12): warning C4244: "=": konwersja z "int" do "float", możliwa utrata danych
C:\Users\admin\OneDrive\Pulpit\infromatyka II\informatyka_2021_projekt\informatyka_2021_projekt\informatyka_2021_projekt\informatyka_2021_projekt.cpp(152,27): warning C4244: "argument": konwersja z "int" do "float", możliwa utrata danych
C:\Users\admin\OneDrive\Pulpit\infromatyka II\informatyka_2021_projekt\informatyka_2021_projekt\informatyka_2021_projekt\informatyka_2021_projekt.cpp(529,48): warning C4244: "argument": konwersja z "T" do "float", możliwa utrata danych
          with
          [
              T=unsigned int
          ]
C:\Users\admin\OneDrive\Pulpit\infromatyka II\informatyka_2021_projekt\informatyka_2021_projekt\informatyka_2021_projekt\informatyka_2021_projekt.cpp(529,28): warning C4244: "argument": konwersja z "T" do "float", możliwa utrata danych
          with
          [
              T=unsigned int
          ]
C:\Users\admin\OneDrive\Pulpit\infromatyka II\informatyka_2021_projekt\informatyka_2021_projekt\informatyka_2021_projekt\informatyka_2021_projekt.cpp(575,27): warning C4305: "argument": obcięcie z "double" do "float"
C:\Users\admin\OneDrive\Pulpit\infromatyka II\informatyka_2021_projekt\informatyka_2021_projekt\informatyka_2021_projekt\informatyka_2021_projekt.cpp(579,26): warning C4305: "argument": obcięcie z "double" do "float"
C:\Users\admin\OneDrive\Pulpit\infromatyka II\informatyka_2021_projekt\informatyka_2021_projekt\informatyka_2021_projekt\informatyka_2021_projekt.cpp(583,27): warning C4305: "argument": obcięcie z "double" do "float"
C:\Users\admin\OneDrive\Pulpit\infromatyka II\informatyka_2021_projekt\informatyka_2021_projekt\informatyka_2021_projekt\informatyka_2021_projekt.cpp(587,26): warning C4305: "argument": obcięcie z "double" do "float"
C:\Users\admin\OneDrive\Pulpit\infromatyka II\informatyka_2021_projekt\informatyka_2021_projekt\informatyka_2021_projekt\informatyka_2021_projekt.cpp(683,27): warning C4305: "argument": obcięcie z "double" do "float"
C:\Users\admin\OneDrive\Pulpit\infromatyka II\informatyka_2021_projekt\informatyka_2021_projekt\informatyka_2021_projekt\informatyka_2021_projekt.cpp(687,26): warning C4305: "argument": obcięcie z "double" do "float"
C:\Users\admin\OneDrive\Pulpit\infromatyka II\informatyka_2021_projekt\informatyka_2021_projekt\informatyka_2021_projekt\informatyka_2021_projekt.cpp(691,27): warning C4305: "argument": obcięcie z "double" do "float"
C:\Users\admin\OneDrive\Pulpit\infromatyka II\informatyka_2021_projekt\informatyka_2021_projekt\informatyka_2021_projekt\informatyka_2021_projekt.cpp(695,26): warning C4305: "argument": obcięcie z "double" do "float"
C:\Users\admin\OneDrive\Pulpit\infromatyka II\informatyka_2021_projekt\informatyka_2021_projekt\informatyka_2021_projekt\informatyka_2021_projekt.cpp(790,27): warning C4305: "argument": obcięcie z "double" do "float"
C:\Users\admin\OneDrive\Pulpit\infromatyka II\informatyka_2021_projekt\informatyka_2021_projekt\informatyka_2021_projekt\informatyka_2021_projekt.cpp(794,26): warning C4305: "argument": obcięcie z "double" do "float"
C:\Users\admin\OneDrive\Pulpit\infromatyka II\informatyka_2021_projekt\informatyka_2021_projekt\informatyka_2021_projekt\informatyka_2021_projekt.cpp(798,27): warning C4305: "argument": obcięcie z "double" do "float"
C:\Users\admin\OneDrive\Pulpit\infromatyka II\informatyka_2021_projekt\informatyka_2021_projekt\informatyka_2021_projekt\informatyka_2021_projekt.cpp(802,26): warning C4305: "argument": obcięcie z "double" do "float"
  Trwa generowanie kodu
  1 of 267 functions ( 0.4%) were compiled, the rest were copied from previous compilation.
    0 functions were new in current compilation
    0 functions had inline decision re-evaluated but remain unchanged
  Zakończono generowanie kodu
  informatyka_2021_projekt.vcxproj -> C:\Users\admin\OneDrive\Pulpit\infromatyka II\informatyka_2021_projekt\informatyka_2021_projekt\x64\Release\informatyka_2021_projekt.exe
